Info: CustomCategory:sw_agile_mod_navigation_view: 390 mini seconds publishing element
Info: CustomCategory:sw_agile_get_started: 63 mini seconds publishing element
Info: Concept:sw_agile_agile_development: 31 mini seconds publishing element
Info: : 5101 mini-second(s) publishing element DeliveryProcess:sw_agile_mod_workflow[Software\deliveryprocesses\sw_agile_mod_workflow_DF1C79C8.html]
Info: DeliveryProcess:sw_agile_mod_workflow: 5101 mini seconds publishing element
Info: DeliveryProcess:sw_agile_mod_workflow: 1014 mini seconds publishing process specific layout data
Info: Phase:Project Start-up: 328 mini seconds publishing element
Info: Iteration:Sprint: 515 mini seconds publishing element
Info: Activity:Requirements: 234 mini seconds publishing element
Info: Activity:Architecture: 265 mini seconds publishing element
Info: Activity:Design: 312 mini seconds publishing element
Info: Activity:Construction: 218 mini seconds publishing element
Info: Activity:Integration: 250 mini seconds publishing element
Info: Activity:Validation: 327 mini seconds publishing element
Info: Phase:Project Closure: 188 mini seconds publishing element
Info: RoleSetGrouping:sw_agile_mod_roles: 15 mini seconds publishing element
Info: RoleSet:sw_agile_roles_scrum_team_roles: 16 mini seconds publishing element
Info: : 1638 mini-second(s) publishing element Role:sw_agile_architect[Software\roles\sw_agile_architect_9DAFEC27.html]
Info: Role:sw_agile_architect: 1638 mini seconds publishing element
Info: Role:sw_agile_requirement_engineer: 62 mini seconds publishing element
Info: Role:sw_agile_scrum_master: 109 mini seconds publishing element
Info: Role:sw_comm_build_manager: 110 mini seconds publishing element
Info: Role:sw_comm_developer: 156 mini seconds publishing element
Info: Role:sw_comm_tester: 62 mini seconds publishing element
Info: RoleSet:sw_agile_roles_all_process_roles: 15 mini seconds publishing element
Info: Role:sw_agile_product_owner: 63 mini seconds publishing element
Info: Role:sw_agile_scrum_team: 93 mini seconds publishing element
Info: Role:sw_comm_quality_manager: 63 mini seconds publishing element
Info: Role:sw_comm_test_manager: 63 mini seconds publishing element
Info: DisciplineGrouping:sw_tasks: 15 mini seconds publishing element
Info: Discipline:sw_tasks_eng4_software_requirements: 16 mini seconds publishing element
Info: Task:sw_comm_develop_software_requirement_specification: 312 mini seconds publishing element
Info: Task:sw_agile_define_user_stories: 31 mini seconds publishing element
Info: Discipline:sw_tasks_eng5_software_design: 16 mini seconds publishing element
Info: Task:sw_agile_develop_software_architecture_design: 31 mini seconds publishing element
Info: Task:sw_comm_mod_develop_model_test_specification: 31 mini seconds publishing element
Info: Task:sw_comm_mod_develop_software_detailed_design: 16 mini seconds publishing element
Info: Task:sw_comm_mod_perform_software_model_test: 15 mini seconds publishing element
Info: Discipline:sw_tasks_eng6_software_construction: 16 mini seconds publishing element
Info: Task:sw_comm_mod_develop_software_back-to-back_test_specification: 31 mini seconds publishing element
Info: Task:sw_comm_mod_generate_code: 31 mini seconds publishing element
Info: Task:sw_comm_mod_perform_software_back-to-back_test: 31 mini seconds publishing element
Info: Discipline:sw_tasks_eng7_software_integration_test: 16 mini seconds publishing element
Info: Task:sw_comm_develop_integration_test_specification: 31 mini seconds publishing element
Info: Task:sw_comm_perform_software_integration: 16 mini seconds publishing element
Info: Task:sw_comm_perform_software_integration_test: 15 mini seconds publishing element
Info: Discipline:sw_tasks_eng8_software_testing: 16 mini seconds publishing element
Info: Task:sw_comm_develop_master_test_plan: 31 mini seconds publishing element
Info: Task:sw_comm_develop_software_test_strategy: 16 mini seconds publishing element
Info: Task:sw_comm_develop_validation_test_specification: 15 mini seconds publishing element
Info: Task:sw_comm_perform_software_validation_test: 16 mini seconds publishing element
Info: Discipline:sw_task_eng910_problem_resolution_and_change_management: 16 mini seconds publishing element
Info: Task:sw_comm_accept_or_reject_crpr: 16 mini seconds publishing element
Info: Task:sw_comm_develop_software_configuration_management_plan: 15 mini seconds publishing element
Info: Task:sw_comm_develop_software_configuration_management_strategy: 16 mini seconds publishing element
Info: Task:sw_comm_investigate_crpr: 31 mini seconds publishing element
Info: Task:sw_comm_raise_crpr: 16 mini seconds publishing element
Info: Task:sw_comm_track_crpr: 15 mini seconds publishing element
Info: Discipline:sw_tasks_man3_software_project_management: 32 mini seconds publishing element
Info: Task:sw_agile_daily_standup_meeting: 15 mini seconds publishing element
Info: Task:sw_agile_release_planning_session: 31 mini seconds publishing element
Info: Task:sw_agile_sprint_planning_session: 32 mini seconds publishing element
Info: Task:sw_agile_sprint_retrospective: 15 mini seconds publishing element
Info: Task:sw_agile_sprint_review_meeting: 31 mini seconds publishing element
Info: Task:sw_comm_develop_software_development_plan: 32 mini seconds publishing element
Info: Task:sw_comm_raise_open_issue: 15 mini seconds publishing element
Info: Task:sw_comm_review_project: 16 mini seconds publishing element
Info: Task:sw_comm_perform_software_project_kick-off: 31 mini seconds publishing element
Info: Discipline:sw_tasks_man5_software_risk_management: 16 mini seconds publishing element
Info: Task:sw_comm_perform_software_risk_assessment: 31 mini seconds publishing element
Info: Discipline:sw_tasks_sup1_software_quality_assurance: 15 mini seconds publishing element
Info: Task:sw_agile_perform_peer_review: 32 mini seconds publishing element
Info: Task:sw_comm_develop_software_quality_assurance_plan: 15 mini seconds publishing element
Info: Task:sw_comm_develop_software_quality_assurance_strategy: 16 mini seconds publishing element
Info: Task:sw_comm_perform_formal_review: 31 mini seconds publishing element
Info: Task:sw_comm_perform_project_quality_audit: 31 mini seconds publishing element
Info: Discipline:sw_tasks_sup8_software_configuration_management: 16 mini seconds publishing element
Info: Task:sw_comm_archive_project: 15 mini seconds publishing element
Info: Task:sw_comm_maintain_software_configuration: 16 mini seconds publishing element
Info: Discipline:sw_tasks_all_process_tasks: 31 mini seconds publishing element
Info: Task:sw_comm_develop_software_change_management_plan: 16 mini seconds publishing element
Info: Domain:sw_workproducts: 15 mini seconds publishing element
Info: Domain:sw_workproducts_eng4_software_requirements: 16 mini seconds publishing element
Info: Artifact:sw_agile_product_backlog: 328 mini seconds publishing element
Info: Artifact:sw_agile_sprint_backlog: 31 mini seconds publishing element
Info: Artifact:sw_comm_software_requirement_specification: 31 mini seconds publishing element
Info: Artifact:sw_comm_customer_requirements: 31 mini seconds publishing element
Info: Domain:sw_workproducts_eng5_software_design: 16 mini seconds publishing element
Info: Artifact:sw_comm_software_architecture_design: 31 mini seconds publishing element
Info: Artifact:sw_comm_mod_software_detailed_design: 16 mini seconds publishing element
Info: Deliverable:sw_comm_mod_software_model: 280 mini seconds publishing element
Info: Artifact:sw_comm_mod_software_model_test_result: 32 mini seconds publishing element
Info: Artifact:sw_comm_mod_software_model_test_specification: 15 mini seconds publishing element
Info: Domain:sw_workproducts_eng6_software_construction: 16 mini seconds publishing element
Info: Deliverable:sw_comm_mod_generated_code: 31 mini seconds publishing element
Info: Artifact:sw_comm_mod_software_back-to-back_test_result: 16 mini seconds publishing element
Info: Artifact:sw_comm_mod_software_back-to-back_test_specification: 31 mini seconds publishing element
Info: Domain:sw_workproducts_eng7_integration_test: 15 mini seconds publishing element
Info: Artifact:sw_comm_software_integration_test_report: 16 mini seconds publishing element
Info: Outcome:sw_comm_baselined_software: 296 mini seconds publishing element
Info: Artifact:sw_comm_software_integration_test_specification: 16 mini seconds publishing element
Info: Artifact:sw_comm_software_technical_manual: 31 mini seconds publishing element
Info: Domain:sw_workproducts_eng8_software_testing: 16 mini seconds publishing element
Info: Artifact:sw_comm_software_master_test_plan: 31 mini seconds publishing element
Info: Artifact:sw_comm_software_test_strategy: 31 mini seconds publishing element
Info: Artifact:sw_comm_software_validation_test_report: 16 mini seconds publishing element
Info: Artifact:sw_comm_software_validation_test_specification: 31 mini seconds publishing element
Info: Domain:sw_workproducts_man3_project_management: 16 mini seconds publishing element
Info: Outcome:sw_agile_demonstrated_software: 15 mini seconds publishing element
Info: Artifact:sw_agile_product_burndown: 31 mini seconds publishing element
Info: Artifact:sw_agile_release_planning: 16 mini seconds publishing element
Info: Artifact:sw_agile_sprint_burndown: 31 mini seconds publishing element
Info: Deliverable:sw_agile_sprint_release: 31 mini seconds publishing element
Info: Artifact:sw_agile_sprint_review_report: 16 mini seconds publishing element
Info: Artifact:sw_agile_taskboard: 31 mini seconds publishing element
Info: Artifact:sw_comm_software_development_plan: 16 mini seconds publishing element
Info: Artifact:sw_comm_human_resources_and_equipment_planning: 31 mini seconds publishing element
Info: Artifact:sw_comm_project_budget_estimation: 16 mini seconds publishing element
Info: Artifact:sw_comm_software_open_issue_list: 31 mini seconds publishing element
Info: Domain:sw_workproducts_man5_software_risk_management: 15 mini seconds publishing element
Info: Artifact:sw_comm_risk_management_plan: 16 mini seconds publishing element
Info: Artifact:sw_comm_risk_management_strategy: 16 mini seconds publishing element
Info: Artifact:sw_comm_software_risk_list: 16 mini seconds publishing element
Info: Domain:sw_workproducts_sup1_software_quality_assurance: 15 mini seconds publishing element
Info: Artifact:sw_comm_review_report: 16 mini seconds publishing element
Info: Outcome:sw_comm_reviewed_work_product: 15 mini seconds publishing element
Info: Artifact:sw_comm_software_quality_assurance_plan: 31 mini seconds publishing element
Info: Artifact:sw_comm_software_quality_assurance_strategy: 16 mini seconds publishing element
Info: Artifact:sw_comm_software_quality_report: 31 mini seconds publishing element
Info: Domain:sw_workproducts_sup8_configuration_management: 16 mini seconds publishing element
Info: Outcome:sw_comm_project_archive: 15 mini seconds publishing element
Info: Artifact:sw_comm_software_configuration_management_plan: 32 mini seconds publishing element
Info: Artifact:sw_comm_software_configuration_management_strategy: 15 mini seconds publishing element
Info: Artifact:sw_comm_software_configuration_status: 31 mini seconds publishing element
Info: Artifact:sw_comm_software_release_notes: 16 mini seconds publishing element
Info: Domain:sw_workproducts_sup910_problem_resolution_and_change_management: 16 mini seconds publishing element
Info: Artifact:sw_comm_software_change_management_plan: 15 mini seconds publishing element
Info: Artifact:sw_comm_software_crpr: 31 mini seconds publishing element
Info: Domain:sw_workproducts_all_workproducts: 32 mini seconds publishing element
Info: Artifact:sw_comm_project_review: 15 mini seconds publishing element
Info: CustomCategory:sw_agile_guidance: 16 mini seconds publishing element
Info: CustomCategory:sw_agile_guidance_templates: 15 mini seconds publishing element
Info: Template:sw_comm_software_requirement_specification_template: 328 mini seconds publishing element
Info: CustomCategory:sw_agile_definitions: 16 mini seconds publishing element
Info: TermDefinition:sw_agile_epic: 15 mini seconds publishing element
Info: TermDefinition:sw_agile_sprint: 16 mini seconds publishing element
Info: TermDefinition:sw_agile_user_story: 15 mini seconds publishing element
Info: SupportingMaterial:sw_comm_version: 16 mini seconds publishing element
Info: TaskDescriptor:Develop Software Change Management Plan: 265 mini seconds publishing element
Info: TaskDescriptor:sw_comm_develop_software_configuration_management_plan: 15 mini seconds publishing element
Info: TaskDescriptor:sw_comm_develop_master_test_plan: 32 mini seconds publishing element
Info: TaskDescriptor:sw_comm_develop_software_quality_assurance_plan: 15 mini seconds publishing element
Info: TaskDescriptor:sw_comm_develop_software_development_plan: 31 mini seconds publishing element
Info: TaskDescriptor:sw_comm_develop_software_requirement_specification: 47 mini seconds publishing element
Info: TaskDescriptor:sw_agile_develop_software_architecture_design: 31 mini seconds publishing element
Info: TaskDescriptor:sw_comm_perform_software_project_kick-off: 32 mini seconds publishing element
Info: TaskDescriptor:sw_agile_release_planning_session: 31 mini seconds publishing element
Info: TaskDescriptor:sw_agile_sprint_planning_session: 47 mini seconds publishing element
Info: TaskDescriptor:sw_comm_develop_software_requirement_specification: 31 mini seconds publishing element
Info: TaskDescriptor:sw_comm_perform_formal_review: 31 mini seconds publishing element
Info: TaskDescriptor:sw_agile_define_user_stories: 31 mini seconds publishing element
Info: TaskDescriptor:sw_agile_develop_software_architecture_design: 31 mini seconds publishing element
Info: TaskDescriptor:sw_comm_perform_formal_review: 32 mini seconds publishing element
Info: TaskDescriptor:sw_agile_develop_software_architecture_design: 46 mini seconds publishing element
Info: TaskDescriptor:sw_agile_perform_peer_review: 32 mini seconds publishing element
Info: TaskDescriptor:sw_comm_mod_develop_software_detailed_design: 15 mini seconds publishing element
Info: TaskDescriptor:sw_agile_perform_peer_review: 31 mini seconds publishing element
Info: TaskDescriptor:sw_comm_mod_develop_model_test_specification: 32 mini seconds publishing element
Info: TaskDescriptor:sw_agile_perform_peer_review: 15 mini seconds publishing element
Info: TaskDescriptor:sw_comm_mod_perform_software_model_test: 31 mini seconds publishing element
Info: TaskDescriptor:sw_comm_mod_generate_code: 32 mini seconds publishing element
Info: TaskDescriptor:sw_comm_mod_develop_software_back-to-back_test_specification: 31 mini seconds publishing element
Info: TaskDescriptor:sw_agile_perform_peer_review: 31 mini seconds publishing element
Info: TaskDescriptor:sw_comm_mod_perform_software_back-to-back_test: 16 mini seconds publishing element
Info: TaskDescriptor:sw_comm_perform_software_integration: 31 mini seconds publishing element
Info: TaskDescriptor:sw_comm_develop_integration_test_specification: 15 mini seconds publishing element
Info: TaskDescriptor:sw_agile_perform_peer_review: 32 mini seconds publishing element
Info: TaskDescriptor:sw_comm_perform_software_integration_test: 31 mini seconds publishing element
Info: TaskDescriptor:sw_comm_develop_validation_test_specification: 31 mini seconds publishing element
Info: TaskDescriptor:sw_comm_perform_formal_review: 31 mini seconds publishing element
Info: TaskDescriptor:sw_comm_perform_software_validation_test: 16 mini seconds publishing element
Info: TaskDescriptor:sw_agile_sprint_review_meeting: 31 mini seconds publishing element
Info: TaskDescriptor:sw_agile_sprint_retrospective: 31 mini seconds publishing element
Info: TaskDescriptor:sw_comm_review_project: 31 mini seconds publishing element
Info: TaskDescriptor:sw_comm_archive_project: 16 mini seconds publishing element
Info: RoleDescriptor:sw_agile_product_owner: 265 mini seconds publishing element
Info: RoleDescriptor:sw_agile_scrum_master: 31 mini seconds publishing element
Info: RoleDescriptor:sw_agile_scrum_team: 16 mini seconds publishing element
Info: RoleDescriptor:sw_agile_architect: 31 mini seconds publishing element
Info: RoleDescriptor:sw_comm_build_manager: 31 mini seconds publishing element
Info: RoleDescriptor:sw_comm_developer: 31 mini seconds publishing element
Info: RoleDescriptor:sw_comm_quality_manager: 31 mini seconds publishing element
Info: RoleDescriptor:sw_agile_requirement_engineer: 48 mini seconds publishing element
Info: RoleDescriptor:sw_comm_test_manager: 39 mini seconds publishing element
Info: RoleDescriptor:sw_comm_tester: 30 mini seconds publishing element
Info: WorkProductDescriptor:sw_comm_baselined_software: 500 mini seconds publishing element
Info: WorkProductDescriptor:sw_comm_customer_requirements: 20 mini seconds publishing element
Info: WorkProductDescriptor:sw_agile_demonstrated_software: 20 mini seconds publishing element
Info: WorkProductDescriptor:sw_comm_mod_generated_code: 20 mini seconds publishing element
Info: WorkProductDescriptor:sw_agile_product_backlog: 30 mini seconds publishing element
Info: WorkProductDescriptor:sw_agile_product_burndown: 20 mini seconds publishing element
Info: WorkProductDescriptor:sw_comm_project_archive: 20 mini seconds publishing element
Info: WorkProductDescriptor:sw_comm_project_review: 20 mini seconds publishing element
Info: WorkProductDescriptor:sw_agile_release_planning: 20 mini seconds publishing element
Info: WorkProductDescriptor:sw_comm_review_report: 20 mini seconds publishing element
Info: WorkProductDescriptor:sw_comm_reviewed_work_product: 20 mini seconds publishing element
Info: WorkProductDescriptor:sw_comm_risk_management_plan: 30 mini seconds publishing element
Info: WorkProductDescriptor:sw_comm_risk_management_strategy: 20 mini seconds publishing element
Info: WorkProductDescriptor:sw_comm_software_architecture_design: 20 mini seconds publishing element
Info: WorkProductDescriptor:sw_comm_mod_software_back-to-back_test_result: 20 mini seconds publishing element
Info: WorkProductDescriptor:sw_comm_mod_software_back-to-back_test_specification: 20 mini seconds publishing element
Info: WorkProductDescriptor:sw_comm_software_change_management_plan: 30 mini seconds publishing element
Info: WorkProductDescriptor:sw_comm_software_configuration_management_plan: 20 mini seconds publishing element
Info: WorkProductDescriptor:sw_comm_software_configuration_management_strategy: 20 mini seconds publishing element
Info: WorkProductDescriptor:sw_comm_software_configuration_status: 20 mini seconds publishing element
Info: WorkProductDescriptor:sw_comm_mod_software_detailed_design: 20 mini seconds publishing element
Info: WorkProductDescriptor:sw_comm_software_development_plan: 30 mini seconds publishing element
Info: WorkProductDescriptor:sw_comm_project_budget_estimation: 20 mini seconds publishing element
Info: WorkProductDescriptor:sw_comm_human_resources_and_equipment_planning: 20 mini seconds publishing element
Info: WorkProductDescriptor:sw_comm_software_integration_test_report: 30 mini seconds publishing element
Info: WorkProductDescriptor:sw_comm_software_integration_test_specification: 30 mini seconds publishing element
Info: WorkProductDescriptor:sw_comm_software_master_test_plan: 20 mini seconds publishing element
Info: WorkProductDescriptor:sw_comm_mod_software_model: 20 mini seconds publishing element
Info: WorkProductDescriptor:sw_comm_mod_software_model_test_result: 20 mini seconds publishing element
Info: WorkProductDescriptor:sw_comm_mod_software_model_test_specification: 11 mini seconds publishing element
Info: WorkProductDescriptor:sw_comm_software_open_issue_list: 30 mini seconds publishing element
Info: WorkProductDescriptor:sw_comm_software_quality_assurance_plan: 20 mini seconds publishing element
Info: WorkProductDescriptor:sw_comm_software_quality_assurance_strategy: 30 mini seconds publishing element
Info: WorkProductDescriptor:sw_comm_software_quality_report: 20 mini seconds publishing element
Info: WorkProductDescriptor:sw_comm_software_release_notes: 31 mini seconds publishing element
Info: WorkProductDescriptor:sw_comm_software_requirement_specification: 16 mini seconds publishing element
Info: WorkProductDescriptor:sw_comm_software_risk_list: 15 mini seconds publishing element
Info: WorkProductDescriptor:sw_comm_software_technical_manual: 16 mini seconds publishing element
Info: WorkProductDescriptor:sw_comm_software_test_strategy: 31 mini seconds publishing element
Info: WorkProductDescriptor:sw_comm_software_validation_test_report: 16 mini seconds publishing element
Info: WorkProductDescriptor:sw_comm_software_validation_test_specification: 31 mini seconds publishing element
Info: WorkProductDescriptor:sw_agile_sprint_backlog: 15 mini seconds publishing element
Info: WorkProductDescriptor:sw_agile_sprint_burndown: 16 mini seconds publishing element
Info: WorkProductDescriptor:sw_agile_sprint_release: 31 mini seconds publishing element
Info: WorkProductDescriptor:sw_agile_sprint_review_report: 16 mini seconds publishing element
Info: WorkProductDescriptor:sw_agile_taskboard: 47 mini seconds publishing element
Info: RoleDescriptor:sw_agile_product_owner: 31 mini seconds publishing element
Info: RoleDescriptor:sw_agile_scrum_master: 15 mini seconds publishing element
Info: RoleDescriptor:sw_agile_scrum_team: 16 mini seconds publishing element
Info: RoleDescriptor:sw_agile_architect: 31 mini seconds publishing element
Info: RoleDescriptor:sw_comm_build_manager: 15 mini seconds publishing element
Info: RoleDescriptor:sw_comm_developer: 32 mini seconds publishing element
Info: RoleDescriptor:sw_comm_quality_manager: 31 mini seconds publishing element
Info: RoleDescriptor:sw_agile_requirement_engineer: 15 mini seconds publishing element
Info: RoleDescriptor:sw_comm_test_manager: 32 mini seconds publishing element
Info: RoleDescriptor:sw_comm_tester: 15 mini seconds publishing element
Info: WorkProductDescriptor:sw_comm_baselined_software: 31 mini seconds publishing element
Info: WorkProductDescriptor:sw_comm_customer_requirements: 16 mini seconds publishing element
Info: WorkProductDescriptor:sw_agile_demonstrated_software: 16 mini seconds publishing element
Info: WorkProductDescriptor:sw_comm_mod_generated_code: 31 mini seconds publishing element
Info: WorkProductDescriptor:sw_agile_product_backlog: 31 mini seconds publishing element
Info: WorkProductDescriptor:sw_agile_product_burndown: 31 mini seconds publishing element
Info: WorkProductDescriptor:sw_comm_project_archive: 31 mini seconds publishing element
Info: WorkProductDescriptor:sw_comm_review_report: 32 mini seconds publishing element
Info: WorkProductDescriptor:sw_comm_risk_management_plan: 31 mini seconds publishing element
Info: WorkProductDescriptor:sw_comm_software_architecture_design: 15 mini seconds publishing element
Info: WorkProductDescriptor:sw_comm_mod_software_back-to-back_test_result: 16 mini seconds publishing element
Info: WorkProductDescriptor:sw_comm_mod_software_back-to-back_test_specification: 31 mini seconds publishing element
Info: WorkProductDescriptor:sw_comm_software_change_management_plan: 16 mini seconds publishing element
Info: WorkProductDescriptor:sw_comm_software_configuration_management_plan: 31 mini seconds publishing element
Info: WorkProductDescriptor:sw_comm_software_configuration_management_strategy: 16 mini seconds publishing element
Info: WorkProductDescriptor:sw_comm_software_configuration_status: 31 mini seconds publishing element
Info: WorkProductDescriptor:sw_comm_mod_software_detailed_design: 15 mini seconds publishing element
Info: WorkProductDescriptor:sw_comm_software_development_plan: 32 mini seconds publishing element
Info: WorkProductDescriptor:sw_comm_project_budget_estimation: 15 mini seconds publishing element
Info: WorkProductDescriptor:sw_comm_human_resources_and_equipment_planning: 31 mini seconds publishing element
Info: WorkProductDescriptor:sw_comm_software_integration_test_report: 16 mini seconds publishing element
Info: WorkProductDescriptor:sw_comm_software_integration_test_specification: 31 mini seconds publishing element
Info: WorkProductDescriptor:sw_comm_software_master_test_plan: 47 mini seconds publishing element
Info: WorkProductDescriptor:sw_comm_mod_software_model: 31 mini seconds publishing element
Info: WorkProductDescriptor:sw_comm_mod_software_model_test_result: 16 mini seconds publishing element
Info: WorkProductDescriptor:sw_comm_mod_software_model_test_specification: 31 mini seconds publishing element
Info: WorkProductDescriptor:sw_comm_software_open_issue_list: 31 mini seconds publishing element
Info: WorkProductDescriptor:sw_comm_software_quality_assurance_plan: 31 mini seconds publishing element
Info: WorkProductDescriptor:sw_comm_software_quality_assurance_strategy: 16 mini seconds publishing element
Info: WorkProductDescriptor:sw_comm_software_quality_report: 16 mini seconds publishing element
Info: WorkProductDescriptor:sw_comm_software_release_notes: 31 mini seconds publishing element
Info: WorkProductDescriptor:sw_comm_software_requirement_specification: 31 mini seconds publishing element
Info: WorkProductDescriptor:sw_comm_software_risk_list: 16 mini seconds publishing element
Info: WorkProductDescriptor:sw_comm_software_test_strategy: 31 mini seconds publishing element
Info: WorkProductDescriptor:sw_comm_software_validation_test_report: 15 mini seconds publishing element
Info: WorkProductDescriptor:sw_comm_software_validation_test_specification: 32 mini seconds publishing element
Info: WorkProductDescriptor:sw_agile_sprint_backlog: 15 mini seconds publishing element
Info: WorkProductDescriptor:sw_agile_sprint_burndown: 16 mini seconds publishing element
Info: WorkProductDescriptor:sw_agile_sprint_release: 31 mini seconds publishing element
Info: WorkProductDescriptor:sw_agile_sprint_review_report: 16 mini seconds publishing element
Info: WorkProductDescriptor:sw_agile_taskboard: 15 mini seconds publishing element
Info: RoleDescriptor:sw_agile_scrum_master: 31 mini seconds publishing element
Info: RoleDescriptor:sw_agile_scrum_team: 32 mini seconds publishing element
Info: RoleDescriptor:sw_agile_architect: 15 mini seconds publishing element
Info: RoleDescriptor:sw_comm_build_manager: 31 mini seconds publishing element
Info: RoleDescriptor:sw_comm_developer: 32 mini seconds publishing element
Info: RoleDescriptor:sw_comm_quality_manager: 15 mini seconds publishing element
Info: RoleDescriptor:sw_agile_requirement_engineer: 31 mini seconds publishing element
Info: RoleDescriptor:sw_comm_test_manager: 16 mini seconds publishing element
Info: RoleDescriptor:sw_comm_tester: 31 mini seconds publishing element
Info: WorkProductDescriptor:sw_comm_baselined_software: 16 mini seconds publishing element
Info: WorkProductDescriptor:sw_agile_demonstrated_software: 15 mini seconds publishing element
Info: WorkProductDescriptor:sw_comm_mod_generated_code: 32 mini seconds publishing element
Info: WorkProductDescriptor:sw_agile_product_backlog: 15 mini seconds publishing element
Info: WorkProductDescriptor:sw_agile_product_burndown: 31 mini seconds publishing element
Info: WorkProductDescriptor:sw_comm_project_archive: 16 mini seconds publishing element
Info: WorkProductDescriptor:sw_comm_review_report: 16 mini seconds publishing element
Info: WorkProductDescriptor:sw_comm_reviewed_work_product: 31 mini seconds publishing element
Info: WorkProductDescriptor:sw_comm_risk_management_plan: 31 mini seconds publishing element
Info: WorkProductDescriptor:sw_comm_software_architecture_design: 31 mini seconds publishing element
Info: WorkProductDescriptor:sw_comm_mod_software_back-to-back_test_result: 16 mini seconds publishing element
Info: WorkProductDescriptor:sw_comm_mod_software_back-to-back_test_specification: 15 mini seconds publishing element
Info: WorkProductDescriptor:sw_comm_software_change_management_plan: 32 mini seconds publishing element
Info: WorkProductDescriptor:sw_comm_software_configuration_management_plan: 15 mini seconds publishing element
Info: WorkProductDescriptor:sw_comm_software_configuration_management_strategy: 31 mini seconds publishing element
Info: WorkProductDescriptor:sw_comm_software_configuration_status: 16 mini seconds publishing element
Info: WorkProductDescriptor:sw_comm_mod_software_detailed_design: 16 mini seconds publishing element
Info: WorkProductDescriptor:sw_comm_software_development_plan: 31 mini seconds publishing element
Info: WorkProductDescriptor:sw_comm_project_budget_estimation: 31 mini seconds publishing element
Info: WorkProductDescriptor:sw_comm_human_resources_and_equipment_planning: 16 mini seconds publishing element
Info: WorkProductDescriptor:sw_comm_software_integration_test_report: 15 mini seconds publishing element
Info: WorkProductDescriptor:sw_comm_software_integration_test_specification: 31 mini seconds publishing element
Info: WorkProductDescriptor:sw_comm_software_master_test_plan: 16 mini seconds publishing element
Info: WorkProductDescriptor:sw_comm_mod_software_model: 31 mini seconds publishing element
Info: WorkProductDescriptor:sw_comm_mod_software_model_test_result: 16 mini seconds publishing element
Info: WorkProductDescriptor:sw_comm_mod_software_model_test_specification: 31 mini seconds publishing element
Info: WorkProductDescriptor:sw_comm_software_open_issue_list: 16 mini seconds publishing element
Info: WorkProductDescriptor:sw_comm_software_quality_assurance_plan: 15 mini seconds publishing element
Info: WorkProductDescriptor:sw_comm_software_quality_assurance_strategy: 31 mini seconds publishing element
Info: WorkProductDescriptor:sw_comm_software_quality_report: 16 mini seconds publishing element
Info: WorkProductDescriptor:sw_comm_software_release_notes: 31 mini seconds publishing element
Info: WorkProductDescriptor:sw_comm_software_requirement_specification: 16 mini seconds publishing element
Info: WorkProductDescriptor:sw_comm_software_risk_list: 31 mini seconds publishing element
Info: WorkProductDescriptor:sw_comm_software_technical_manual: 16 mini seconds publishing element
Info: WorkProductDescriptor:sw_comm_software_test_strategy: 15 mini seconds publishing element
Info: WorkProductDescriptor:sw_comm_software_validation_test_report: 31 mini seconds publishing element
Info: WorkProductDescriptor:sw_comm_software_validation_test_specification: 16 mini seconds publishing element
Info: WorkProductDescriptor:sw_agile_sprint_backlog: 16 mini seconds publishing element
Info: WorkProductDescriptor:sw_agile_sprint_burndown: 16 mini seconds publishing element
Info: WorkProductDescriptor:sw_agile_sprint_release: 15 mini seconds publishing element
Info: WorkProductDescriptor:sw_agile_sprint_review_report: 16 mini seconds publishing element
Info: WorkProductDescriptor:sw_agile_taskboard: 15 mini seconds publishing element
Info: RoleDescriptor:sw_agile_scrum_master: 16 mini seconds publishing element
Info: RoleDescriptor:sw_agile_scrum_team: 31 mini seconds publishing element
Info: RoleDescriptor:sw_agile_architect: 16 mini seconds publishing element
Info: RoleDescriptor:sw_comm_developer: 31 mini seconds publishing element
Info: RoleDescriptor:sw_comm_quality_manager: 31 mini seconds publishing element
Info: RoleDescriptor:sw_agile_requirement_engineer: 31 mini seconds publishing element
Info: RoleDescriptor:sw_comm_test_manager: 16 mini seconds publishing element
Info: RoleDescriptor:sw_comm_tester: 15 mini seconds publishing element
Info: WorkProductDescriptor:sw_comm_customer_requirements: 32 mini seconds publishing element
Info: WorkProductDescriptor:sw_agile_demonstrated_software: 15 mini seconds publishing element
Info: WorkProductDescriptor:sw_comm_mod_generated_code: 31 mini seconds publishing element
Info: WorkProductDescriptor:sw_agile_product_backlog: 16 mini seconds publishing element
Info: WorkProductDescriptor:sw_agile_product_burndown: 16 mini seconds publishing element
Info: WorkProductDescriptor:sw_comm_review_report: 31 mini seconds publishing element
Info: WorkProductDescriptor:sw_comm_reviewed_work_product: 15 mini seconds publishing element
Info: WorkProductDescriptor:sw_comm_risk_management_plan: 16 mini seconds publishing element
Info: WorkProductDescriptor:sw_comm_software_architecture_design: 31 mini seconds publishing element
Info: WorkProductDescriptor:sw_comm_mod_software_back-to-back_test_result: 31 mini seconds publishing element
Info: WorkProductDescriptor:sw_comm_mod_software_back-to-back_test_specification: 16 mini seconds publishing element
Info: WorkProductDescriptor:sw_comm_software_change_management_plan: 16 mini seconds publishing element
Info: WorkProductDescriptor:sw_comm_mod_software_detailed_design: 31 mini seconds publishing element
Info: WorkProductDescriptor:sw_comm_software_development_plan: 15 mini seconds publishing element
Info: WorkProductDescriptor:sw_comm_project_budget_estimation: 32 mini seconds publishing element
Info: WorkProductDescriptor:sw_comm_human_resources_and_equipment_planning: 15 mini seconds publishing element
Info: WorkProductDescriptor:sw_comm_software_integration_test_specification: 31 mini seconds publishing element
Info: WorkProductDescriptor:sw_comm_software_master_test_plan: 16 mini seconds publishing element
Info: WorkProductDescriptor:sw_comm_mod_software_model: 31 mini seconds publishing element
Info: WorkProductDescriptor:sw_comm_mod_software_model_test_result: 16 mini seconds publishing element
Info: WorkProductDescriptor:sw_comm_mod_software_model_test_specification: 15 mini seconds publishing element
Info: WorkProductDescriptor:sw_comm_software_open_issue_list: 32 mini seconds publishing element
Info: WorkProductDescriptor:sw_comm_software_quality_assurance_plan: 15 mini seconds publishing element
Info: WorkProductDescriptor:sw_comm_software_quality_assurance_strategy: 31 mini seconds publishing element
Info: WorkProductDescriptor:sw_comm_software_quality_report: 16 mini seconds publishing element
Info: WorkProductDescriptor:sw_comm_software_requirement_specification: 31 mini seconds publishing element
Info: WorkProductDescriptor:sw_comm_software_risk_list: 16 mini seconds publishing element
Info: WorkProductDescriptor:sw_comm_software_technical_manual: 15 mini seconds publishing element
Info: WorkProductDescriptor:sw_comm_software_test_strategy: 32 mini seconds publishing element
Info: WorkProductDescriptor:sw_comm_software_validation_test_report: 15 mini seconds publishing element
Info: WorkProductDescriptor:sw_comm_software_validation_test_specification: 31 mini seconds publishing element
Info: WorkProductDescriptor:sw_agile_sprint_backlog: 16 mini seconds publishing element
Info: WorkProductDescriptor:sw_agile_sprint_burndown: 31 mini seconds publishing element
Info: WorkProductDescriptor:sw_agile_sprint_release: 16 mini seconds publishing element
Info: WorkProductDescriptor:sw_agile_sprint_review_report: 15 mini seconds publishing element
Info: WorkProductDescriptor:sw_agile_taskboard: 32 mini seconds publishing element
Info: RoleDescriptor:sw_agile_scrum_team: 15 mini seconds publishing element
Info: RoleDescriptor:sw_comm_developer: 31 mini seconds publishing element
Info: RoleDescriptor:sw_comm_quality_manager: 32 mini seconds publishing element
Info: RoleDescriptor:sw_comm_test_manager: 15 mini seconds publishing element
Info: RoleDescriptor:sw_comm_tester: 16 mini seconds publishing element
Info: WorkProductDescriptor:sw_agile_demonstrated_software: 31 mini seconds publishing element
Info: WorkProductDescriptor:sw_comm_mod_generated_code: 16 mini seconds publishing element
Info: WorkProductDescriptor:sw_agile_product_burndown: 15 mini seconds publishing element
Info: WorkProductDescriptor:sw_comm_review_report: 31 mini seconds publishing element
Info: WorkProductDescriptor:sw_comm_reviewed_work_product: 16 mini seconds publishing element
Info: WorkProductDescriptor:sw_comm_software_architecture_design: 16 mini seconds publishing element
Info: WorkProductDescriptor:sw_comm_mod_software_back-to-back_test_result: 31 mini seconds publishing element
Info: WorkProductDescriptor:sw_comm_mod_software_back-to-back_test_specification: 15 mini seconds publishing element
Info: WorkProductDescriptor:sw_comm_mod_software_detailed_design: 32 mini seconds publishing element
Info: WorkProductDescriptor:sw_comm_software_integration_test_specification: 15 mini seconds publishing element
Info: WorkProductDescriptor:sw_comm_software_master_test_plan: 31 mini seconds publishing element
Info: WorkProductDescriptor:sw_comm_mod_software_model: 16 mini seconds publishing element
Info: WorkProductDescriptor:sw_comm_mod_software_model_test_result: 31 mini seconds publishing element
Info: WorkProductDescriptor:sw_comm_mod_software_model_test_specification: 16 mini seconds publishing element
Info: WorkProductDescriptor:sw_comm_software_quality_assurance_plan: 15 mini seconds publishing element
Info: WorkProductDescriptor:sw_comm_software_quality_assurance_strategy: 16 mini seconds publishing element
Info: WorkProductDescriptor:sw_comm_software_quality_report: 31 mini seconds publishing element
Info: WorkProductDescriptor:sw_comm_software_requirement_specification: 16 mini seconds publishing element
Info: WorkProductDescriptor:sw_comm_software_technical_manual: 15 mini seconds publishing element
Info: WorkProductDescriptor:sw_comm_software_test_strategy: 32 mini seconds publishing element
Info: WorkProductDescriptor:sw_comm_software_validation_test_report: 15 mini seconds publishing element
Info: WorkProductDescriptor:sw_comm_software_validation_test_specification: 16 mini seconds publishing element
Info: WorkProductDescriptor:sw_agile_sprint_burndown: 31 mini seconds publishing element
Info: WorkProductDescriptor:sw_agile_sprint_release: 16 mini seconds publishing element
Info: WorkProductDescriptor:sw_agile_taskboard: 15 mini seconds publishing element
Info: RoleDescriptor:sw_agile_scrum_team: 31 mini seconds publishing element
Info: RoleDescriptor:sw_agile_architect: 16 mini seconds publishing element
Info: RoleDescriptor:sw_comm_build_manager: 31 mini seconds publishing element
Info: RoleDescriptor:sw_comm_developer: 31 mini seconds publishing element
Info: RoleDescriptor:sw_comm_quality_manager: 32 mini seconds publishing element
Info: RoleDescriptor:sw_comm_test_manager: 15 mini seconds publishing element
Info: RoleDescriptor:sw_comm_tester: 16 mini seconds publishing element
Info: WorkProductDescriptor:sw_comm_baselined_software: 31 mini seconds publishing element
Info: WorkProductDescriptor:sw_agile_demonstrated_software: 16 mini seconds publishing element
Info: WorkProductDescriptor:sw_comm_mod_generated_code: 15 mini seconds publishing element
Info: WorkProductDescriptor:sw_agile_product_burndown: 31 mini seconds publishing element
Info: WorkProductDescriptor:sw_comm_project_archive: 16 mini seconds publishing element
Info: WorkProductDescriptor:sw_comm_review_report: 16 mini seconds publishing element
Info: WorkProductDescriptor:sw_comm_reviewed_work_product: 31 mini seconds publishing element
Info: WorkProductDescriptor:sw_comm_software_architecture_design: 15 mini seconds publishing element
Info: WorkProductDescriptor:sw_comm_mod_software_back-to-back_test_result: 16 mini seconds publishing element
Info: WorkProductDescriptor:sw_comm_mod_software_back-to-back_test_specification: 31 mini seconds publishing element
Info: WorkProductDescriptor:sw_comm_software_configuration_management_plan: 16 mini seconds publishing element
Info: WorkProductDescriptor:sw_comm_software_configuration_management_strategy: 15 mini seconds publishing element
Info: WorkProductDescriptor:sw_comm_software_configuration_status: 32 mini seconds publishing element
Info: WorkProductDescriptor:sw_comm_mod_software_detailed_design: 15 mini seconds publishing element
Info: WorkProductDescriptor:sw_comm_software_integration_test_report: 16 mini seconds publishing element
Info: WorkProductDescriptor:sw_comm_software_integration_test_specification: 31 mini seconds publishing element
Info: WorkProductDescriptor:sw_comm_software_master_test_plan: 15 mini seconds publishing element
Info: WorkProductDescriptor:sw_comm_mod_software_model: 31 mini seconds publishing element
Info: WorkProductDescriptor:sw_comm_mod_software_model_test_result: 16 mini seconds publishing element
Info: WorkProductDescriptor:sw_comm_mod_software_model_test_specification: 31 mini seconds publishing element
Info: WorkProductDescriptor:sw_comm_software_quality_assurance_plan: 16 mini seconds publishing element
Info: WorkProductDescriptor:sw_comm_software_quality_assurance_strategy: 15 mini seconds publishing element
Info: WorkProductDescriptor:sw_comm_software_quality_report: 32 mini seconds publishing element
Info: WorkProductDescriptor:sw_comm_software_release_notes: 15 mini seconds publishing element
Info: WorkProductDescriptor:sw_comm_software_requirement_specification: 31 mini seconds publishing element
Info: WorkProductDescriptor:sw_comm_software_technical_manual: 16 mini seconds publishing element
Info: WorkProductDescriptor:sw_comm_software_test_strategy: 47 mini seconds publishing element
Info: WorkProductDescriptor:sw_comm_software_validation_test_report: 15 mini seconds publishing element
Info: WorkProductDescriptor:sw_comm_software_validation_test_specification: 32 mini seconds publishing element
Info: WorkProductDescriptor:sw_agile_sprint_burndown: 15 mini seconds publishing element
Info: WorkProductDescriptor:sw_agile_sprint_release: 16 mini seconds publishing element
Info: WorkProductDescriptor:sw_agile_taskboard: 31 mini seconds publishing element
Info: RoleDescriptor:sw_agile_scrum_master: 16 mini seconds publishing element
Info: RoleDescriptor:sw_agile_scrum_team: 31 mini seconds publishing element
Info: RoleDescriptor:sw_agile_architect: 31 mini seconds publishing element
Info: RoleDescriptor:sw_comm_build_manager: 16 mini seconds publishing element
Info: RoleDescriptor:sw_comm_developer: 31 mini seconds publishing element
Info: RoleDescriptor:sw_comm_quality_manager: 16 mini seconds publishing element
Info: RoleDescriptor:sw_agile_requirement_engineer: 31 mini seconds publishing element
Info: RoleDescriptor:sw_comm_test_manager: 16 mini seconds publishing element
Info: RoleDescriptor:sw_comm_tester: 31 mini seconds publishing element
Info: WorkProductDescriptor:sw_comm_baselined_software: 16 mini seconds publishing element
Info: WorkProductDescriptor:sw_comm_customer_requirements: 16 mini seconds publishing element
Info: WorkProductDescriptor:sw_agile_demonstrated_software: 15 mini seconds publishing element
Info: WorkProductDescriptor:sw_comm_mod_generated_code: 32 mini seconds publishing element
Info: WorkProductDescriptor:sw_agile_product_backlog: 15 mini seconds publishing element
Info: WorkProductDescriptor:sw_agile_product_burndown: 31 mini seconds publishing element
Info: WorkProductDescriptor:sw_comm_project_archive: 16 mini seconds publishing element
Info: WorkProductDescriptor:sw_comm_review_report: 16 mini seconds publishing element
Info: WorkProductDescriptor:sw_comm_reviewed_work_product: 31 mini seconds publishing element
Info: WorkProductDescriptor:sw_comm_risk_management_plan: 31 mini seconds publishing element
Info: WorkProductDescriptor:sw_comm_software_architecture_design: 31 mini seconds publishing element
Info: WorkProductDescriptor:sw_comm_mod_software_back-to-back_test_result: 16 mini seconds publishing element
Info: WorkProductDescriptor:sw_comm_mod_software_back-to-back_test_specification: 15 mini seconds publishing element
Info: WorkProductDescriptor:sw_comm_software_change_management_plan: 32 mini seconds publishing element
Info: WorkProductDescriptor:sw_comm_software_configuration_management_plan: 15 mini seconds publishing element
Info: WorkProductDescriptor:sw_comm_software_configuration_management_strategy: 31 mini seconds publishing element
Info: WorkProductDescriptor:sw_comm_software_configuration_status: 16 mini seconds publishing element
Info: WorkProductDescriptor:sw_comm_mod_software_detailed_design: 16 mini seconds publishing element
Info: WorkProductDescriptor:sw_comm_software_development_plan: 31 mini seconds publishing element
Info: WorkProductDescriptor:sw_comm_project_budget_estimation: 15 mini seconds publishing element
Info: WorkProductDescriptor:sw_comm_human_resources_and_equipment_planning: 16 mini seconds publishing element
Info: WorkProductDescriptor:sw_comm_software_integration_test_report: 31 mini seconds publishing element
Info: WorkProductDescriptor:sw_comm_software_integration_test_specification: 16 mini seconds publishing element
Info: WorkProductDescriptor:sw_comm_software_master_test_plan: 31 mini seconds publishing element
Info: WorkProductDescriptor:sw_comm_mod_software_model: 16 mini seconds publishing element
Info: WorkProductDescriptor:sw_comm_mod_software_model_test_result: 31 mini seconds publishing element
Info: WorkProductDescriptor:sw_comm_mod_software_model_test_specification: 15 mini seconds publishing element
Info: WorkProductDescriptor:sw_comm_software_open_issue_list: 16 mini seconds publishing element
Info: WorkProductDescriptor:sw_comm_software_quality_assurance_plan: 31 mini seconds publishing element
Info: WorkProductDescriptor:sw_comm_software_quality_assurance_strategy: 16 mini seconds publishing element
Info: WorkProductDescriptor:sw_comm_software_quality_report: 31 mini seconds publishing element
Info: WorkProductDescriptor:sw_comm_software_release_notes: 16 mini seconds publishing element
Info: WorkProductDescriptor:sw_comm_software_requirement_specification: 31 mini seconds publishing element
Info: WorkProductDescriptor:sw_comm_software_risk_list: 15 mini seconds publishing element
Info: WorkProductDescriptor:sw_comm_software_technical_manual: 32 mini seconds publishing element
Info: WorkProductDescriptor:sw_comm_software_test_strategy: 15 mini seconds publishing element
Info: WorkProductDescriptor:sw_comm_software_validation_test_report: 31 mini seconds publishing element
Info: WorkProductDescriptor:sw_comm_software_validation_test_specification: 16 mini seconds publishing element
Info: WorkProductDescriptor:sw_agile_sprint_backlog: 31 mini seconds publishing element
Info: WorkProductDescriptor:sw_agile_sprint_burndown: 16 mini seconds publishing element
Info: WorkProductDescriptor:sw_agile_sprint_release: 15 mini seconds publishing element
Info: WorkProductDescriptor:sw_agile_sprint_review_report: 32 mini seconds publishing element
Info: WorkProductDescriptor:sw_agile_taskboard: 15 mini seconds publishing element
Info: RoleDescriptor:sw_agile_product_owner: 31 mini seconds publishing element
Info: RoleDescriptor:sw_agile_scrum_master: 16 mini seconds publishing element
Info: RoleDescriptor:sw_agile_scrum_team: 31 mini seconds publishing element
Info: RoleDescriptor:sw_comm_build_manager: 16 mini seconds publishing element
Info: WorkProductDescriptor:sw_comm_baselined_software: 15 mini seconds publishing element
Info: WorkProductDescriptor:sw_comm_customer_requirements: 32 mini seconds publishing element
Info: WorkProductDescriptor:sw_agile_demonstrated_software: 15 mini seconds publishing element
Info: WorkProductDescriptor:sw_agile_product_backlog: 31 mini seconds publishing element
Info: WorkProductDescriptor:sw_agile_product_burndown: 16 mini seconds publishing element
Info: WorkProductDescriptor:sw_comm_project_archive: 16 mini seconds publishing element
Info: WorkProductDescriptor:sw_comm_risk_management_plan: 31 mini seconds publishing element
Info: WorkProductDescriptor:sw_comm_software_change_management_plan: 15 mini seconds publishing element
Info: WorkProductDescriptor:sw_comm_software_configuration_management_plan: 16 mini seconds publishing element
Info: WorkProductDescriptor:sw_comm_software_configuration_management_strategy: 31 mini seconds publishing element
Info: WorkProductDescriptor:sw_comm_software_configuration_status: 16 mini seconds publishing element
Info: WorkProductDescriptor:sw_comm_software_development_plan: 15 mini seconds publishing element
Info: WorkProductDescriptor:sw_comm_project_budget_estimation: 16 mini seconds publishing element
Info: WorkProductDescriptor:sw_comm_human_resources_and_equipment_planning: 31 mini seconds publishing element
Info: WorkProductDescriptor:sw_comm_software_integration_test_report: 16 mini seconds publishing element
Info: WorkProductDescriptor:sw_comm_software_integration_test_specification: 15 mini seconds publishing element
Info: WorkProductDescriptor:sw_comm_software_open_issue_list: 32 mini seconds publishing element
Info: WorkProductDescriptor:sw_comm_software_release_notes: 15 mini seconds publishing element
Info: WorkProductDescriptor:sw_comm_software_risk_list: 16 mini seconds publishing element
Info: WorkProductDescriptor:sw_agile_sprint_backlog: 15 mini seconds publishing element
Info: WorkProductDescriptor:sw_agile_sprint_burndown: 32 mini seconds publishing element
Info: WorkProductDescriptor:sw_agile_sprint_release: 15 mini seconds publishing element
Info: WorkProductDescriptor:sw_agile_sprint_review_report: 31 mini seconds publishing element
Info: WorkProductDescriptor:sw_agile_taskboard: 16 mini seconds publishing element
Info: RoleSet:sw_vmod_roles_all_process_roles: 16 mini seconds publishing element
Info: RoleSet:sw_vmod_roles_development_team_roles: 15 mini seconds publishing element
Info: Artifact:sw_agile_sprint_planning: 31 mini seconds publishing element
Info: RoleDescriptor:sw_agile_product_owner: 32 mini seconds publishing element
Info: RoleDescriptor:sw_agile_scrum_master: 31 mini seconds publishing element
Info: RoleDescriptor:sw_agile_scrum_team: 31 mini seconds publishing element
Info: RoleDescriptor:sw_comm_quality_manager: 31 mini seconds publishing element
Info: RoleDescriptor:sw_comm_test_manager: 16 mini seconds publishing element
Info: WorkProductDescriptor:sw_agile_product_backlog: 31 mini seconds publishing element
Info: WorkProductDescriptor:sw_agile_product_burndown: 31 mini seconds publishing element
Info: WorkProductDescriptor:sw_agile_sprint_burndown: 16 mini seconds publishing element
Info: WorkProductDescriptor:sw_agile_taskboard: 31 mini seconds publishing element
Info: WorkProductDescriptor:sw_comm_software_development_plan: 16 mini seconds publishing element
Info: WorkProductDescriptor:sw_agile_sprint_backlog: 31 mini seconds publishing element
Info: WorkProductDescriptor:sw_agile_sprint_release: 31 mini seconds publishing element
Info: WorkProductDescriptor:sw_agile_demonstrated_software: 16 mini seconds publishing element
Info: WorkProductDescriptor:sw_comm_software_open_issue_list: 31 mini seconds publishing element
Info: WorkProductDescriptor:sw_agile_sprint_review_report: 15 mini seconds publishing element
Info: WorkProductDescriptor:sw_comm_customer_requirements: 16 mini seconds publishing element
Info: WorkProductDescriptor:sw_comm_risk_management_plan: 31 mini seconds publishing element
Info: WorkProductDescriptor:sw_comm_software_change_management_plan: 16 mini seconds publishing element
Info: WorkProductDescriptor:sw_comm_software_risk_list: 31 mini seconds publishing element
Info: WorkProductDescriptor:sw_comm_review_report: 16 mini seconds publishing element
Info: WorkProductDescriptor:sw_comm_software_quality_assurance_plan: 31 mini seconds publishing element
Info: WorkProductDescriptor:sw_comm_software_quality_assurance_strategy: 15 mini seconds publishing element
Info: WorkProductDescriptor:sw_comm_software_quality_report: 16 mini seconds publishing element
Info: WorkProductDescriptor:sw_comm_software_master_test_plan: 16 mini seconds publishing element
Info: WorkProductDescriptor:sw_comm_software_test_strategy: 31 mini seconds publishing element
Info: : Publishing time: 0 minutes 32 seconds
